<?xml version="1.0" encoding="UTF-8"?>
<!-- Generated by org.testng.reporters.JUnitXMLReporter -->
<testsuite ignored="2" hostname="RK" failures="0" tests="3" name="Test" time="69.219" errors="0" timestamp="2025-05-01T18:08:50 IST">
  <testcase classname="TestClasses.LoginTest" name="executeLoginTest" time="1.879"/>
  <testcase classname="TestClasses.RegisterPatientTest" name="addPatient" time="34.943"/>
  <testcase classname="TestClasses.RegisterPatientTest" name="addPatient" time="31.836"/>
  <testcase classname="Utilities.BaseClass" name="@AfterSuite teardown" time="0.0">
    <ignored/>
  </testcase> <!-- @AfterSuite teardown -->
  <testcase classname="Utilities.BaseClass" name="@BeforeSuite openBrowser" time="0.0">
    <ignored/>
  </testcase> <!-- @BeforeSuite openBrowser -->
</testsuite> <!-- Test -->
